Compiled admin/all.js  (20ms)  (pid 15038)
Compiled admin/spree_core.js  (83ms)  (pid 15038)
Compiled jquery.js  (6ms)  (pid 15038)
Compiled jquery_ujs.js  (1ms)  (pid 15038)
Compiled jquery-ui.js  (8ms)  (pid 15038)
Compiled jquery.cookie.js  (0ms)  (pid 15038)
Compiled jquery.tokeninput.js  (1ms)  (pid 15038)
Compiled jquery.delayedobserver.js  (0ms)  (pid 15038)
Compiled jquery.jstree/jquery.jstree.js  (10ms)  (pid 15038)
Compiled jquery.alerts/jquery.alerts.js  (2ms)  (pid 15038)
Compiled admin/address_states.js  (0ms)  (pid 15038)
Compiled admin/admin.js  (269ms)  (pid 15038)
Compiled admin/calculator.js  (0ms)  (pid 15038)
Compiled admin/checkouts/edit.js  (0ms)  (pid 15038)
Compiled admin/gateway.js  (0ms)  (pid 15038)
Compiled admin/images/index.js  (0ms)  (pid 15038)
Compiled admin/images/new.js  (2ms)  (pid 15038)
Compiled admin/nested-attribute.js  (1ms)  (pid 15038)
Compiled admin/orders/edit.js  (0ms)  (pid 15038)
Compiled admin/orders/edit_form.js  (0ms)  (pid 15038)
Compiled admin/payments/new.js  (0ms)  (pid 15038)
Compiled admin/products.js  (1ms)  (pid 15038)
Compiled admin/shipping_methods.js  (0ms)  (pid 15038)
Compiled admin/taxonomy.js  (0ms)  (pid 15038)
Compiled admin/underscore-min.js  (0ms)  (pid 15038)
Compiled admin/zone.js  (0ms)  (pid 15038)
Compiled admin/spree_auth.js  (7ms)  (pid 15038)
Compiled admin/spree_api.js  (38ms)  (pid 15038)
Compiled admin/spree_promo.js  (9ms)  (pid 15038)
Compiled admin/promotions.js  (0ms)  (pid 15038)
Compiled application.js  (12ms)  (pid 15038)
Compiled store/all.js  (15ms)  (pid 15038)
Compiled store/spree_core.js  (34ms)  (pid 15038)
Compiled jquery.validate/jquery.validate.min.js  (1ms)  (pid 15038)
Compiled jquery.formalize.min.js  (0ms)  (pid 15038)
Compiled store/checkout.js  (0ms)  (pid 15038)
Compiled store/product.js  (0ms)  (pid 15038)
Compiled store/cart.js  (0ms)  (pid 15038)
Compiled store/spree_auth.js  (5ms)  (pid 15038)
Compiled store/spree_api.js  (6ms)  (pid 15038)
Compiled store/spree_promo.js  (6ms)  (pid 15038)
Compiled admin/all.css  (14ms)  (pid 15038)
Compiled admin/spree_core.css  (61ms)  (pid 15038)
Compiled jquery.alerts/jquery.alerts.css  (0ms)  (pid 15038)
Compiled jquery.alerts/jquery.alerts.spree.css  (0ms)  (pid 15038)
Compiled admin/admin-reset.css  (0ms)  (pid 15038)
Compiled admin/admin-tables.css  (43ms)  (pid 15038)
Compiled admin/admin-form.css  (53ms)  (pid 15038)
Compiled admin/admin-typography.css  (0ms)  (pid 15038)
Compiled admin/edit_checkouts.css  (0ms)  (pid 15038)
Compiled admin/token-input.css  (0ms)  (pid 15038)
Compiled jquery-ui.datepicker.css  (438ms)  (pid 15038)
Compiled admin/admin.css  (445ms)  (pid 15038)
Compiled admin/spree_auth.css  (5ms)  (pid 15038)
Compiled admin/spree_api.css  (9ms)  (pid 15038)
Compiled admin/spree_promo.css  (11ms)  (pid 15038)
Compiled admin/promotions.css  (0ms)  (pid 15038)
Compiled application.css  (3ms)  (pid 15038)
Compiled store/all.css  (13ms)  (pid 15038)
Compiled store/spree_core.css  (17ms)  (pid 15038)
Compiled html5reset.css  (0ms)  (pid 15038)
Compiled skeleton.css  (0ms)  (pid 15038)
Compiled jquery.formalize.css  (271ms)  (pid 15038)
Compiled admin/all.js  (20ms)  (pid 3627)
Compiled admin/spree_core.js  (85ms)  (pid 3627)
Compiled jquery.js  (7ms)  (pid 3627)
Compiled jquery_ujs.js  (0ms)  (pid 3627)
Compiled jquery-ui.js  (10ms)  (pid 3627)
Compiled jquery.cookie.js  (0ms)  (pid 3627)
Compiled jquery.tokeninput.js  (3ms)  (pid 3627)
Compiled jquery.delayedobserver.js  (0ms)  (pid 3627)
Compiled jquery.jstree/jquery.jstree.js  (12ms)  (pid 3627)
Compiled jquery.alerts/jquery.alerts.js  (0ms)  (pid 3627)
Compiled admin/address_states.js  (0ms)  (pid 3627)
Compiled admin/admin.js  (40ms)  (pid 3627)
Compiled admin/calculator.js  (0ms)  (pid 3627)
Compiled admin/checkouts/edit.js  (0ms)  (pid 3627)
Compiled admin/gateway.js  (3ms)  (pid 3627)
Compiled admin/images/index.js  (2ms)  (pid 3627)
Compiled admin/images/new.js  (0ms)  (pid 3627)
Compiled admin/nested-attribute.js  (2ms)  (pid 3627)
Compiled admin/orders/edit.js  (0ms)  (pid 3627)
Compiled admin/orders/edit_form.js  (0ms)  (pid 3627)
Compiled admin/payments/new.js  (0ms)  (pid 3627)
Compiled admin/products.js  (1ms)  (pid 3627)
Compiled admin/shipping_methods.js  (0ms)  (pid 3627)
Compiled admin/taxonomy.js  (1ms)  (pid 3627)
Compiled admin/underscore-min.js  (0ms)  (pid 3627)
Compiled admin/zone.js  (0ms)  (pid 3627)
Compiled admin/spree_auth.js  (3ms)  (pid 3627)
Compiled admin/spree_api.js  (8ms)  (pid 3627)
Compiled admin/spree_promo.js  (10ms)  (pid 3627)
Compiled admin/promotions.js  (0ms)  (pid 3627)
Compiled application.js  (21ms)  (pid 3627)
Compiled store/all.js  (25ms)  (pid 3627)
Compiled store/spree_core.js  (48ms)  (pid 3627)
Compiled jquery.validate/jquery.validate.min.js  (1ms)  (pid 3627)
Compiled jquery.formalize.min.js  (0ms)  (pid 3627)
Compiled store/checkout.js  (0ms)  (pid 3627)
Compiled store/product.js  (0ms)  (pid 3627)
Compiled store/cart.js  (0ms)  (pid 3627)
Compiled store/spree_auth.js  (12ms)  (pid 3627)
Compiled store/spree_api.js  (9ms)  (pid 3627)
Compiled store/spree_promo.js  (50ms)  (pid 3627)
Compiled admin/all.css  (20ms)  (pid 3627)
Compiled admin/spree_core.css  (56ms)  (pid 3627)
Compiled jquery.alerts/jquery.alerts.css  (0ms)  (pid 3627)
Compiled jquery.alerts/jquery.alerts.spree.css  (0ms)  (pid 3627)
Compiled admin/admin-reset.css  (0ms)  (pid 3627)
Compiled admin/admin-tables.css  (41ms)  (pid 3627)
Compiled admin/admin-form.css  (57ms)  (pid 3627)
Compiled admin/admin-typography.css  (1ms)  (pid 3627)
Compiled admin/edit_checkouts.css  (0ms)  (pid 3627)
Compiled admin/token-input.css  (1ms)  (pid 3627)
Compiled jquery-ui.datepicker.css  (702ms)  (pid 3627)
Compiled admin/admin.css  (628ms)  (pid 3627)
Compiled admin/spree_auth.css  (17ms)  (pid 3627)
Compiled admin/spree_api.css  (13ms)  (pid 3627)
Compiled admin/spree_promo.css  (13ms)  (pid 3627)
Compiled admin/promotions.css  (0ms)  (pid 3627)
Compiled application.css  (4ms)  (pid 3627)
Compiled store/all.css  (41ms)  (pid 3627)
Compiled store/spree_core.css  (66ms)  (pid 3627)
Compiled html5reset.css  (0ms)  (pid 3627)
Compiled skeleton.css  (0ms)  (pid 3627)
Compiled jquery.formalize.css  (106ms)  (pid 3627)
